d:\wangteng\code\7z1900-src\cpp\7zip\ui\console\debug\console.pch
d:\wangteng\code\7z1900-src\cpp\7zip\ui\console\debug\stdafx.obj
d:\wangteng\code\7z1900-src\cpp\7zip\ui\console\debug\threads.obj
d:\wangteng\code\7z1900-src\cpp\7zip\ui\console\debug\sort.obj
d:\wangteng\code\7z1900-src\cpp\7zip\ui\console\debug\dllsecur.obj
d:\wangteng\code\7z1900-src\cpp\7zip\ui\console\debug\cpuarch.obj
d:\wangteng\code\7z1900-src\cpp\7zip\ui\console\debug\alloc.obj
d:\wangteng\code\7z1900-src\cpp\7zip\ui\console\debug\7zcrc.obj
d:\wangteng\code\7z1900-src\cpp\7zip\ui\console\debug\filename.obj
d:\wangteng\code\7z1900-src\cpp\7zip\ui\console\debug\filelink.obj
d:\wangteng\code\7z1900-src\cpp\7zip\ui\console\debug\fileio.obj
d:\wangteng\code\7z1900-src\cpp\7zip\ui\console\debug\filefind.obj
d:\wangteng\code\7z1900-src\cpp\7zip\ui\console\debug\filedir.obj
d:\wangteng\code\7z1900-src\cpp\7zip\ui\console\debug\errormsg.obj
d:\wangteng\code\7z1900-src\cpp\7zip\ui\console\debug\dll.obj
d:\wangteng\code\7z1900-src\cpp\7zip\ui\console\debug\wildcard.obj
d:\wangteng\code\7z1900-src\cpp\7zip\ui\console\debug\utfconvert.obj
d:\wangteng\code\7z1900-src\cpp\7zip\ui\console\debug\stringtoint.obj
d:\wangteng\code\7z1900-src\cpp\7zip\ui\console\debug\stringconvert.obj
d:\wangteng\code\7z1900-src\cpp\7zip\ui\console\debug\stdoutstream.obj
d:\wangteng\code\7z1900-src\cpp\7zip\ui\console\debug\stdinstream.obj
d:\wangteng\code\7z1900-src\cpp\7zip\ui\console\debug\newhandler.obj
d:\wangteng\code\7z1900-src\cpp\7zip\ui\console\debug\myvector.obj
d:\wangteng\code\7z1900-src\cpp\7zip\ui\console\debug\mystring.obj
d:\wangteng\code\7z1900-src\cpp\7zip\ui\console\debug\listfileutils.obj
d:\wangteng\code\7z1900-src\cpp\7zip\ui\console\debug\inttostring.obj
d:\wangteng\code\7z1900-src\cpp\7zip\ui\console\debug\crc.obj
d:\wangteng\code\7z1900-src\cpp\7zip\ui\console\debug\commandlineparser.obj
d:\wangteng\code\7z1900-src\cpp\7zip\ui\console\debug\copycoder.obj
d:\wangteng\code\7z1900-src\cpp\7zip\ui\console\debug\uniqblocks.obj
d:\wangteng\code\7z1900-src\cpp\7zip\ui\console\debug\streamutils.obj
d:\wangteng\code\7z1900-src\cpp\7zip\ui\console\debug\streamobjects.obj
d:\wangteng\code\7z1900-src\cpp\7zip\ui\console\debug\propid.obj
d:\wangteng\code\7z1900-src\cpp\7zip\ui\console\debug\progressutils.obj
d:\wangteng\code\7z1900-src\cpp\7zip\ui\console\debug\methodprops.obj
d:\wangteng\code\7z1900-src\cpp\7zip\ui\console\debug\limitedstreams.obj
d:\wangteng\code\7z1900-src\cpp\7zip\ui\console\debug\filtercoder.obj
d:\wangteng\code\7z1900-src\cpp\7zip\ui\console\debug\filestreams.obj
d:\wangteng\code\7z1900-src\cpp\7zip\ui\console\debug\filepathautorename.obj
d:\wangteng\code\7z1900-src\cpp\7zip\ui\console\debug\createcoder.obj
d:\wangteng\code\7z1900-src\cpp\7zip\ui\console\debug\outstreamwithcrc.obj
d:\wangteng\code\7z1900-src\cpp\7zip\ui\console\debug\timeutils.obj
d:\wangteng\code\7z1900-src\cpp\7zip\ui\console\debug\system.obj
d:\wangteng\code\7z1900-src\cpp\7zip\ui\console\debug\registry.obj
d:\wangteng\code\7z1900-src\cpp\7zip\ui\console\debug\propvariantconv.obj
d:\wangteng\code\7z1900-src\cpp\7zip\ui\console\debug\propvariant.obj
d:\wangteng\code\7z1900-src\cpp\7zip\ui\console\debug\memorylock.obj
d:\wangteng\code\7z1900-src\cpp\7zip\ui\console\debug\filesystem.obj
d:\wangteng\code\7z1900-src\cpp\7zip\ui\console\debug\updateproduce.obj
d:\wangteng\code\7z1900-src\cpp\7zip\ui\console\debug\updatepair.obj
d:\wangteng\code\7z1900-src\cpp\7zip\ui\console\debug\updatecallback.obj
d:\wangteng\code\7z1900-src\cpp\7zip\ui\console\debug\updateaction.obj
d:\wangteng\code\7z1900-src\cpp\7zip\ui\console\debug\update.obj
d:\wangteng\code\7z1900-src\cpp\7zip\ui\console\debug\tempfiles.obj
d:\wangteng\code\7z1900-src\cpp\7zip\ui\console\debug\sortutils.obj
d:\wangteng\code\7z1900-src\cpp\7zip\ui\console\debug\setproperties.obj
d:\wangteng\code\7z1900-src\cpp\7zip\ui\console\debug\propidutils.obj
d:\wangteng\code\7z1900-src\cpp\7zip\ui\console\debug\openarchive.obj
d:\wangteng\code\7z1900-src\cpp\7zip\ui\console\debug\loadcodecs.obj
d:\wangteng\code\7z1900-src\cpp\7zip\ui\console\debug\hashcalc.obj
d:\wangteng\code\7z1900-src\cpp\7zip\ui\console\debug\extractingfilepath.obj
d:\wangteng\code\7z1900-src\cpp\7zip\ui\console\debug\extract.obj
d:\wangteng\code\7z1900-src\cpp\7zip\ui\console\debug\enumdiritems.obj
d:\wangteng\code\7z1900-src\cpp\7zip\ui\console\debug\defaultname.obj
d:\wangteng\code\7z1900-src\cpp\7zip\ui\console\debug\bench.obj
d:\wangteng\code\7z1900-src\cpp\7zip\ui\console\debug\archiveopencallback.obj
d:\wangteng\code\7z1900-src\cpp\7zip\ui\console\debug\archiveextractcallback.obj
d:\wangteng\code\7z1900-src\cpp\7zip\ui\console\debug\archivecommandline.obj
d:\wangteng\code\7z1900-src\cpp\7zip\ui\console\debug\userinpututils.obj
d:\wangteng\code\7z1900-src\cpp\7zip\ui\console\debug\updatecallbackconsole.obj
d:\wangteng\code\7z1900-src\cpp\7zip\ui\console\debug\percentprinter.obj
d:\wangteng\code\7z1900-src\cpp\7zip\ui\console\debug\opencallbackconsole.obj
d:\wangteng\code\7z1900-src\cpp\7zip\ui\console\debug\mainar.obj
d:\wangteng\code\7z1900-src\cpp\7zip\ui\console\debug\main.obj
d:\wangteng\code\7z1900-src\cpp\7zip\ui\console\debug\list.obj
d:\wangteng\code\7z1900-src\cpp\7zip\ui\console\debug\hashcon.obj
d:\wangteng\code\7z1900-src\cpp\7zip\ui\console\debug\extractcallbackconsole.obj
d:\wangteng\code\7z1900-src\cpp\7zip\ui\console\debug\consoleclose.obj
d:\wangteng\code\7z1900-src\cpp\7zip\ui\console\debug\benchcon.obj
d:\wangteng\code\pe-parse-master2\pe-parse-master\pe-parser-library\debug\7zcrcopt.obj
d:\wangteng\code\pe-parse-master2\pe-parse-master\pe-parser-library\debug\console.lib
d:\wangteng\code\7z1900-src\cpp\7zip\ui\console\debug\console.tlog\cl.command.1.tlog
d:\wangteng\code\7z1900-src\cpp\7zip\ui\console\debug\console.tlog\cl.read.1.tlog
d:\wangteng\code\7z1900-src\cpp\7zip\ui\console\debug\console.tlog\cl.write.1.tlog
d:\wangteng\code\7z1900-src\cpp\7zip\ui\console\debug\console.tlog\custombuild.command.1.tlog
d:\wangteng\code\7z1900-src\cpp\7zip\ui\console\debug\console.tlog\custombuild.read.1.tlog
d:\wangteng\code\7z1900-src\cpp\7zip\ui\console\debug\console.tlog\custombuild.write.1.tlog
d:\wangteng\code\7z1900-src\cpp\7zip\ui\console\debug\console.tlog\lib-link.read.1.tlog
d:\wangteng\code\7z1900-src\cpp\7zip\ui\console\debug\console.tlog\lib-link.write.1.tlog
d:\wangteng\code\7z1900-src\cpp\7zip\ui\console\debug\console.tlog\lib.command.1.tlog
