d:\wangteng\code\7z1900-src\cpp\7zip\bundles\alone\debugu\alone.pch
d:\wangteng\code\7z1900-src\cpp\7zip\bundles\alone\debugu\vc140.pdb
d:\wangteng\code\7z1900-src\cpp\7zip\bundles\alone\debugu\stdafx.obj
d:\wangteng\code\7z1900-src\cpp\7zip\bundles\alone\debugu\lzma2decmt.obj
d:\wangteng\code\7z1900-src\cpp\7zip\bundles\alone\debugu\lzma2dec.obj
d:\wangteng\code\7z1900-src\cpp\7zip\bundles\alone\debugu\lzfindmt.obj
d:\wangteng\code\7z1900-src\cpp\7zip\bundles\alone\debugu\lzfind.obj
d:\wangteng\code\7z1900-src\cpp\7zip\bundles\alone\debugu\huffenc.obj
d:\wangteng\code\7z1900-src\cpp\7zip\bundles\alone\debugu\dllsecur.obj
d:\wangteng\code\7z1900-src\cpp\7zip\bundles\alone\debugu\delta.obj
d:\wangteng\code\7z1900-src\cpp\7zip\bundles\alone\debugu\cpuarch.obj
d:\wangteng\code\7z1900-src\cpp\7zip\bundles\alone\debugu\bwtsort.obj
d:\wangteng\code\7z1900-src\cpp\7zip\bundles\alone\debugu\braia64.obj
d:\wangteng\code\7z1900-src\cpp\7zip\bundles\alone\debugu\bra86.obj
d:\wangteng\code\7z1900-src\cpp\7zip\bundles\alone\debugu\bra.obj
d:\wangteng\code\7z1900-src\cpp\7zip\bundles\alone\debugu\bcj2enc.obj
d:\wangteng\code\7z1900-src\cpp\7zip\bundles\alone\debugu\bcj2.obj
d:\wangteng\code\7z1900-src\cpp\7zip\bundles\alone\debugu\alloc.obj
d:\wangteng\code\7z1900-src\cpp\7zip\bundles\alone\debugu\aesopt.obj
d:\wangteng\code\7z1900-src\cpp\7zip\bundles\alone\debugu\aes.obj
d:\wangteng\code\7z1900-src\cpp\7zip\bundles\alone\debugu\7zstream.obj
d:\wangteng\code\7z1900-src\cpp\7zip\bundles\alone\debugu\7zcrcopt.obj
d:\wangteng\code\7z1900-src\cpp\7zip\bundles\alone\debugu\7zcrc.obj
d:\wangteng\code\7z1900-src\cpp\7zip\bundles\alone\debugu\xzenc.obj
d:\wangteng\code\7z1900-src\cpp\7zip\bundles\alone\debugu\xzdec.obj
d:\wangteng\code\7z1900-src\cpp\7zip\bundles\alone\debugu\xzcrc64opt.obj
d:\wangteng\code\7z1900-src\cpp\7zip\bundles\alone\debugu\xzcrc64.obj
d:\wangteng\code\7z1900-src\cpp\7zip\bundles\alone\debugu\xz.obj
d:\wangteng\code\7z1900-src\cpp\7zip\bundles\alone\debugu\threads.obj
d:\wangteng\code\7z1900-src\cpp\7zip\bundles\alone\debugu\sort.obj
d:\wangteng\code\7z1900-src\cpp\7zip\bundles\alone\debugu\sha256.obj
d:\wangteng\code\7z1900-src\cpp\7zip\bundles\alone\debugu\sha1.obj
d:\wangteng\code\7z1900-src\cpp\7zip\bundles\alone\debugu\ppmd8enc.obj
d:\wangteng\code\7z1900-src\cpp\7zip\bundles\alone\debugu\ppmd8dec.obj
d:\wangteng\code\7z1900-src\cpp\7zip\bundles\alone\debugu\ppmd8.obj
d:\wangteng\code\7z1900-src\cpp\7zip\bundles\alone\debugu\ppmd7enc.obj
d:\wangteng\code\7z1900-src\cpp\7zip\bundles\alone\debugu\ppmd7dec.obj
d:\wangteng\code\7z1900-src\cpp\7zip\bundles\alone\debugu\ppmd7.obj
d:\wangteng\code\7z1900-src\cpp\7zip\bundles\alone\debugu\mtdec.obj
d:\wangteng\code\7z1900-src\cpp\7zip\bundles\alone\debugu\mtcoder.obj
d:\wangteng\code\7z1900-src\cpp\7zip\bundles\alone\debugu\lzmaenc.obj
d:\wangteng\code\7z1900-src\cpp\7zip\bundles\alone\debugu\lzmadec.obj
d:\wangteng\code\7z1900-src\cpp\7zip\bundles\alone\debugu\lzma2enc.obj
d:\wangteng\code\7z1900-src\cpp\7zip\bundles\alone\debugu\xzin.obj
d:\wangteng\code\7z1900-src\cpp\7zip\bundles\alone\debugu\errormsg.obj
d:\wangteng\code\7z1900-src\cpp\7zip\bundles\alone\debugu\dll.obj
d:\wangteng\code\7z1900-src\cpp\7zip\bundles\alone\debugu\xzcrc64reg.obj
d:\wangteng\code\7z1900-src\cpp\7zip\bundles\alone\debugu\xzcrc64init.obj
d:\wangteng\code\7z1900-src\cpp\7zip\bundles\alone\debugu\wildcard.obj
d:\wangteng\code\7z1900-src\cpp\7zip\bundles\alone\debugu\utfconvert.obj
d:\wangteng\code\7z1900-src\cpp\7zip\bundles\alone\debugu\stringtoint.obj
d:\wangteng\code\7z1900-src\cpp\7zip\bundles\alone\debugu\stringconvert.obj
d:\wangteng\code\7z1900-src\cpp\7zip\bundles\alone\debugu\stdoutstream.obj
d:\wangteng\code\7z1900-src\cpp\7zip\bundles\alone\debugu\stdinstream.obj
d:\wangteng\code\7z1900-src\cpp\7zip\bundles\alone\debugu\sha256reg.obj
d:\wangteng\code\7z1900-src\cpp\7zip\bundles\alone\debugu\sha1reg.obj
d:\wangteng\code\7z1900-src\cpp\7zip\bundles\alone\debugu\newhandler.obj
d:\wangteng\code\7z1900-src\cpp\7zip\bundles\alone\debugu\myvector.obj
d:\wangteng\code\7z1900-src\cpp\7zip\bundles\alone\debugu\mystring.obj
d:\wangteng\code\7z1900-src\cpp\7zip\bundles\alone\debugu\listfileutils.obj
d:\wangteng\code\7z1900-src\cpp\7zip\bundles\alone\debugu\inttostring.obj
d:\wangteng\code\7z1900-src\cpp\7zip\bundles\alone\debugu\crcreg.obj
d:\wangteng\code\7z1900-src\cpp\7zip\bundles\alone\debugu\crc.obj
d:\wangteng\code\7z1900-src\cpp\7zip\bundles\alone\debugu\commandlineparser.obj
d:\wangteng\code\7z1900-src\cpp\7zip\bundles\alone\debugu\7zhandlerout.obj
d:\wangteng\code\7z1900-src\cpp\7zip\bundles\alone\debugu\7zhandler.obj
d:\wangteng\code\7z1900-src\cpp\7zip\bundles\alone\debugu\7zfolderinstream.obj
d:\wangteng\code\7z1900-src\cpp\7zip\bundles\alone\debugu\7zextract.obj
d:\wangteng\code\7z1900-src\cpp\7zip\bundles\alone\debugu\7zencode.obj
d:\wangteng\code\7z1900-src\cpp\7zip\bundles\alone\debugu\7zdecode.obj
d:\wangteng\code\7z1900-src\cpp\7zip\bundles\alone\debugu\7zcompressionmode.obj
d:\wangteng\code\7z1900-src\cpp\7zip\bundles\alone\debugu\timeutils.obj
d:\wangteng\code\7z1900-src\cpp\7zip\bundles\alone\debugu\system.obj
d:\wangteng\code\7z1900-src\cpp\7zip\bundles\alone\debugu\synchronization.obj
d:\wangteng\code\7z1900-src\cpp\7zip\bundles\alone\debugu\propvariantutils.obj
d:\wangteng\code\7z1900-src\cpp\7zip\bundles\alone\debugu\propvariantconv.obj
d:\wangteng\code\7z1900-src\cpp\7zip\bundles\alone\debugu\propvariant.obj
d:\wangteng\code\7z1900-src\cpp\7zip\bundles\alone\debugu\memorylock.obj
d:\wangteng\code\7z1900-src\cpp\7zip\bundles\alone\debugu\filesystem.obj
d:\wangteng\code\7z1900-src\cpp\7zip\bundles\alone\debugu\filename.obj
d:\wangteng\code\7z1900-src\cpp\7zip\bundles\alone\debugu\filelink.obj
d:\wangteng\code\7z1900-src\cpp\7zip\bundles\alone\debugu\fileio.obj
d:\wangteng\code\7z1900-src\cpp\7zip\bundles\alone\debugu\filefind.obj
d:\wangteng\code\7z1900-src\cpp\7zip\bundles\alone\debugu\filedir.obj
d:\wangteng\code\7z1900-src\cpp\7zip\bundles\alone\debugu\multistream.obj
d:\wangteng\code\7z1900-src\cpp\7zip\bundles\alone\debugu\itemnameutils.obj
d:\wangteng\code\7z1900-src\cpp\7zip\bundles\alone\debugu\instreamwithcrc.obj
d:\wangteng\code\7z1900-src\cpp\7zip\bundles\alone\debugu\handlerout.obj
d:\wangteng\code\7z1900-src\cpp\7zip\bundles\alone\debugu\findsignature.obj
d:\wangteng\code\7z1900-src\cpp\7zip\bundles\alone\debugu\dummyoutstream.obj
d:\wangteng\code\7z1900-src\cpp\7zip\bundles\alone\debugu\codermixer2.obj
d:\wangteng\code\7z1900-src\cpp\7zip\bundles\alone\debugu\cabregister.obj
d:\wangteng\code\7z1900-src\cpp\7zip\bundles\alone\debugu\cabin.obj
d:\wangteng\code\7z1900-src\cpp\7zip\bundles\alone\debugu\cabheader.obj
d:\wangteng\code\7z1900-src\cpp\7zip\bundles\alone\debugu\cabhandler.obj
d:\wangteng\code\7z1900-src\cpp\7zip\bundles\alone\debugu\cabblockinstream.obj
d:\wangteng\code\7z1900-src\cpp\7zip\bundles\alone\debugu\bz2handler.obj
d:\wangteng\code\7z1900-src\cpp\7zip\bundles\alone\debugu\7zupdate.obj
d:\wangteng\code\7z1900-src\cpp\7zip\bundles\alone\debugu\7zspecstream.obj
d:\wangteng\code\7z1900-src\cpp\7zip\bundles\alone\debugu\7zregister.obj
d:\wangteng\code\7z1900-src\cpp\7zip\bundles\alone\debugu\7zproperties.obj
d:\wangteng\code\7z1900-src\cpp\7zip\bundles\alone\debugu\7zout.obj
d:\wangteng\code\7z1900-src\cpp\7zip\bundles\alone\debugu\7zin.obj
d:\wangteng\code\7z1900-src\cpp\7zip\bundles\alone\debugu\7zheader.obj
d:\wangteng\code\7z1900-src\cpp\7zip\bundles\alone\debugu\zipout.obj
d:\wangteng\code\7z1900-src\cpp\7zip\bundles\alone\debugu\zipitem.obj
d:\wangteng\code\7z1900-src\cpp\7zip\bundles\alone\debugu\zipin.obj
d:\wangteng\code\7z1900-src\cpp\7zip\bundles\alone\debugu\ziphandlerout.obj
d:\wangteng\code\7z1900-src\cpp\7zip\bundles\alone\debugu\ziphandler.obj
d:\wangteng\code\7z1900-src\cpp\7zip\bundles\alone\debugu\zipaddcommon.obj
d:\wangteng\code\7z1900-src\cpp\7zip\bundles\alone\debugu\xzhandler.obj
d:\wangteng\code\7z1900-src\cpp\7zip\bundles\alone\debugu\tarupdate.obj
d:\wangteng\code\7z1900-src\cpp\7zip\bundles\alone\debugu\tarregister.obj
d:\wangteng\code\7z1900-src\cpp\7zip\bundles\alone\debugu\tarout.obj
d:\wangteng\code\7z1900-src\cpp\7zip\bundles\alone\debugu\tarin.obj
d:\wangteng\code\7z1900-src\cpp\7zip\bundles\alone\debugu\tarheader.obj
d:\wangteng\code\7z1900-src\cpp\7zip\bundles\alone\debugu\tarhandlerout.obj
d:\wangteng\code\7z1900-src\cpp\7zip\bundles\alone\debugu\tarhandler.obj
d:\wangteng\code\7z1900-src\cpp\7zip\bundles\alone\debugu\splithandler.obj
d:\wangteng\code\7z1900-src\cpp\7zip\bundles\alone\debugu\lzmahandler.obj
d:\wangteng\code\7z1900-src\cpp\7zip\bundles\alone\debugu\gzhandler.obj
d:\wangteng\code\7z1900-src\cpp\7zip\bundles\alone\debugu\deflateprops.obj
d:\wangteng\code\7z1900-src\cpp\7zip\bundles\alone\debugu\parseproperties.obj
d:\wangteng\code\7z1900-src\cpp\7zip\bundles\alone\debugu\outstreamwithcrc.obj
d:\wangteng\code\7z1900-src\cpp\7zip\bundles\alone\debugu\propid.obj
d:\wangteng\code\7z1900-src\cpp\7zip\bundles\alone\debugu\progressutils.obj
d:\wangteng\code\7z1900-src\cpp\7zip\bundles\alone\debugu\progressmt.obj
d:\wangteng\code\7z1900-src\cpp\7zip\bundles\alone\debugu\outmemstream.obj
d:\wangteng\code\7z1900-src\cpp\7zip\bundles\alone\debugu\outbuffer.obj
d:\wangteng\code\7z1900-src\cpp\7zip\bundles\alone\debugu\offsetstream.obj
d:\wangteng\code\7z1900-src\cpp\7zip\bundles\alone\debugu\methodprops.obj
d:\wangteng\code\7z1900-src\cpp\7zip\bundles\alone\debugu\methodid.obj
d:\wangteng\code\7z1900-src\cpp\7zip\bundles\alone\debugu\memblocks.obj
d:\wangteng\code\7z1900-src\cpp\7zip\bundles\alone\debugu\lockedstream.obj
d:\wangteng\code\7z1900-src\cpp\7zip\bundles\alone\debugu\limitedstreams.obj
d:\wangteng\code\7z1900-src\cpp\7zip\bundles\alone\debugu\inouttempbuffer.obj
d:\wangteng\code\7z1900-src\cpp\7zip\bundles\alone\debugu\inbuffer.obj
d:\wangteng\code\7z1900-src\cpp\7zip\bundles\alone\debugu\filtercoder.obj
d:\wangteng\code\7z1900-src\cpp\7zip\bundles\alone\debugu\filestreams.obj
d:\wangteng\code\7z1900-src\cpp\7zip\bundles\alone\debugu\filepathautorename.obj
d:\wangteng\code\7z1900-src\cpp\7zip\bundles\alone\debugu\cwrappers.obj
d:\wangteng\code\7z1900-src\cpp\7zip\bundles\alone\debugu\createcoder.obj
d:\wangteng\code\7z1900-src\cpp\7zip\bundles\alone\debugu\zipupdate.obj
d:\wangteng\code\7z1900-src\cpp\7zip\bundles\alone\debugu\zipregister.obj
d:\wangteng\code\7z1900-src\cpp\7zip\bundles\alone\debugu\deflate64register.obj
d:\wangteng\code\7z1900-src\cpp\7zip\bundles\alone\debugu\copyregister.obj
d:\wangteng\code\7z1900-src\cpp\7zip\bundles\alone\debugu\copycoder.obj
d:\wangteng\code\7z1900-src\cpp\7zip\bundles\alone\debugu\bzip2register.obj
d:\wangteng\code\7z1900-src\cpp\7zip\bundles\alone\debugu\bzip2encoder.obj
d:\wangteng\code\7z1900-src\cpp\7zip\bundles\alone\debugu\bzip2decoder.obj
d:\wangteng\code\7z1900-src\cpp\7zip\bundles\alone\debugu\bzip2crc.obj
d:\wangteng\code\7z1900-src\cpp\7zip\bundles\alone\debugu\byteswap.obj
d:\wangteng\code\7z1900-src\cpp\7zip\bundles\alone\debugu\branchregister.obj
d:\wangteng\code\7z1900-src\cpp\7zip\bundles\alone\debugu\branchmisc.obj
d:\wangteng\code\7z1900-src\cpp\7zip\bundles\alone\debugu\bitldecoder.obj
d:\wangteng\code\7z1900-src\cpp\7zip\bundles\alone\debugu\bcjregister.obj
d:\wangteng\code\7z1900-src\cpp\7zip\bundles\alone\debugu\bcjcoder.obj
d:\wangteng\code\7z1900-src\cpp\7zip\bundles\alone\debugu\bcj2register.obj
d:\wangteng\code\7z1900-src\cpp\7zip\bundles\alone\debugu\bcj2coder.obj
d:\wangteng\code\7z1900-src\cpp\7zip\bundles\alone\debugu\virtthread.obj
d:\wangteng\code\7z1900-src\cpp\7zip\bundles\alone\debugu\uniqblocks.obj
d:\wangteng\code\7z1900-src\cpp\7zip\bundles\alone\debugu\streamutils.obj
d:\wangteng\code\7z1900-src\cpp\7zip\bundles\alone\debugu\streamobjects.obj
d:\wangteng\code\7z1900-src\cpp\7zip\bundles\alone\debugu\streambinder.obj
d:\wangteng\code\7z1900-src\cpp\7zip\bundles\alone\debugu\xzdecoder.obj
d:\wangteng\code\7z1900-src\cpp\7zip\bundles\alone\debugu\shrinkdecoder.obj
d:\wangteng\code\7z1900-src\cpp\7zip\bundles\alone\debugu\quantumdecoder.obj
d:\wangteng\code\7z1900-src\cpp\7zip\bundles\alone\debugu\ppmdzip.obj
d:\wangteng\code\7z1900-src\cpp\7zip\bundles\alone\debugu\ppmdregister.obj
d:\wangteng\code\7z1900-src\cpp\7zip\bundles\alone\debugu\ppmdencoder.obj
d:\wangteng\code\7z1900-src\cpp\7zip\bundles\alone\debugu\ppmddecoder.obj
d:\wangteng\code\7z1900-src\cpp\7zip\bundles\alone\debugu\lzxdecoder.obj
d:\wangteng\code\7z1900-src\cpp\7zip\bundles\alone\debugu\lzoutwindow.obj
d:\wangteng\code\7z1900-src\cpp\7zip\bundles\alone\debugu\lzmaregister.obj
d:\wangteng\code\7z1900-src\cpp\7zip\bundles\alone\debugu\lzmaencoder.obj
d:\wangteng\code\7z1900-src\cpp\7zip\bundles\alone\debugu\lzmadecoder.obj
d:\wangteng\code\7z1900-src\cpp\7zip\bundles\alone\debugu\lzma2register.obj
d:\wangteng\code\7z1900-src\cpp\7zip\bundles\alone\debugu\lzma2encoder.obj
d:\wangteng\code\7z1900-src\cpp\7zip\bundles\alone\debugu\lzma2decoder.obj
d:\wangteng\code\7z1900-src\cpp\7zip\bundles\alone\debugu\implodedecoder.obj
d:\wangteng\code\7z1900-src\cpp\7zip\bundles\alone\debugu\deltafilter.obj
d:\wangteng\code\7z1900-src\cpp\7zip\bundles\alone\debugu\deflateregister.obj
d:\wangteng\code\7z1900-src\cpp\7zip\bundles\alone\debugu\deflateencoder.obj
d:\wangteng\code\7z1900-src\cpp\7zip\bundles\alone\debugu\deflatedecoder.obj
d:\wangteng\code\7z1900-src\cpp\7zip\bundles\alone\debugu\hashcalc.obj
d:\wangteng\code\7z1900-src\cpp\7zip\bundles\alone\debugu\extractingfilepath.obj
d:\wangteng\code\7z1900-src\cpp\7zip\bundles\alone\debugu\extract.obj
d:\wangteng\code\7z1900-src\cpp\7zip\bundles\alone\debugu\enumdiritems.obj
d:\wangteng\code\7z1900-src\cpp\7zip\bundles\alone\debugu\defaultname.obj
d:\wangteng\code\7z1900-src\cpp\7zip\bundles\alone\debugu\bench.obj
d:\wangteng\code\7z1900-src\cpp\7zip\bundles\alone\debugu\archiveopencallback.obj
d:\wangteng\code\7z1900-src\cpp\7zip\bundles\alone\debugu\archiveextractcallback.obj
d:\wangteng\code\7z1900-src\cpp\7zip\bundles\alone\debugu\archivecommandline.obj
d:\wangteng\code\7z1900-src\cpp\7zip\bundles\alone\debugu\zipstrong.obj
d:\wangteng\code\7z1900-src\cpp\7zip\bundles\alone\debugu\zipcrypto.obj
d:\wangteng\code\7z1900-src\cpp\7zip\bundles\alone\debugu\wzaes.obj
d:\wangteng\code\7z1900-src\cpp\7zip\bundles\alone\debugu\randgen.obj
d:\wangteng\code\7z1900-src\cpp\7zip\bundles\alone\debugu\pbkdf2hmacsha1.obj
d:\wangteng\code\7z1900-src\cpp\7zip\bundles\alone\debugu\myaesreg.obj
d:\wangteng\code\7z1900-src\cpp\7zip\bundles\alone\debugu\myaes.obj
d:\wangteng\code\7z1900-src\cpp\7zip\bundles\alone\debugu\hmacsha1.obj
d:\wangteng\code\7z1900-src\cpp\7zip\bundles\alone\debugu\7zaesregister.obj
d:\wangteng\code\7z1900-src\cpp\7zip\bundles\alone\debugu\7zaes.obj
d:\wangteng\code\7z1900-src\cpp\7zip\bundles\alone\debugu\xzencoder.obj
d:\wangteng\code\7z1900-src\cpp\7zip\bundles\alone\debugu\percentprinter.obj
d:\wangteng\code\7z1900-src\cpp\7zip\bundles\alone\debugu\opencallbackconsole.obj
d:\wangteng\code\7z1900-src\cpp\7zip\bundles\alone\debugu\mainar.obj
d:\wangteng\code\7z1900-src\cpp\7zip\bundles\alone\debugu\main.obj
d:\wangteng\code\7z1900-src\cpp\7zip\bundles\alone\debugu\list.obj
d:\wangteng\code\7z1900-src\cpp\7zip\bundles\alone\debugu\hashcon.obj
d:\wangteng\code\7z1900-src\cpp\7zip\bundles\alone\debugu\extractcallbackconsole.obj
d:\wangteng\code\7z1900-src\cpp\7zip\bundles\alone\debugu\consoleclose.obj
d:\wangteng\code\7z1900-src\cpp\7zip\bundles\alone\debugu\benchcon.obj
d:\wangteng\code\7z1900-src\cpp\7zip\bundles\alone\debugu\updateproduce.obj
d:\wangteng\code\7z1900-src\cpp\7zip\bundles\alone\debugu\updatepair.obj
d:\wangteng\code\7z1900-src\cpp\7zip\bundles\alone\debugu\updatecallback.obj
d:\wangteng\code\7z1900-src\cpp\7zip\bundles\alone\debugu\updateaction.obj
d:\wangteng\code\7z1900-src\cpp\7zip\bundles\alone\debugu\update.obj
d:\wangteng\code\7z1900-src\cpp\7zip\bundles\alone\debugu\tempfiles.obj
d:\wangteng\code\7z1900-src\cpp\7zip\bundles\alone\debugu\sortutils.obj
d:\wangteng\code\7z1900-src\cpp\7zip\bundles\alone\debugu\setproperties.obj
d:\wangteng\code\7z1900-src\cpp\7zip\bundles\alone\debugu\propidutils.obj
d:\wangteng\code\7z1900-src\cpp\7zip\bundles\alone\debugu\openarchive.obj
d:\wangteng\code\7z1900-src\cpp\7zip\bundles\alone\debugu\loadcodecs.obj
d:\wangteng\code\7z1900-src\cpp\7zip\bundles\alone\debugu\userinpututils.obj
d:\wangteng\code\7z1900-src\cpp\7zip\bundles\alone\debugu\updatecallbackconsole.obj
c:\util\7zan.ilk
c:\util\7zan.exe
d:\wangteng\code\7z1900-src\cpp\7zip\bundles\alone\x64\debugu\alone.pdb
d:\wangteng\code\7z1900-src\cpp\7zip\bundles\alone\x64\debugu\alone.tlog\cl.command.1.tlog
d:\wangteng\code\7z1900-src\cpp\7zip\bundles\alone\x64\debugu\alone.tlog\cl.read.1.tlog
d:\wangteng\code\7z1900-src\cpp\7zip\bundles\alone\x64\debugu\alone.tlog\cl.write.1.tlog
d:\wangteng\code\7z1900-src\cpp\7zip\bundles\alone\x64\debugu\alone.tlog\link.command.1.tlog
d:\wangteng\code\7z1900-src\cpp\7zip\bundles\alone\x64\debugu\alone.tlog\link.read.1.tlog
d:\wangteng\code\7z1900-src\cpp\7zip\bundles\alone\x64\debugu\alone.tlog\link.write.1.tlog
