d:\wangteng\code\7z1900-src\cpp\7zip\bundles\format7zf\debug\7z.lib
d:\wangteng\code\7z1900-src\cpp\7zip\bundles\format7zf\debug\7z.exp
d:\wangteng\code\7z1900-src\cpp\7zip\bundles\format7zf\debug\format7z.pch
d:\wangteng\code\7z1900-src\cpp\7zip\bundles\format7zf\debug\vc140.pdb
d:\wangteng\code\7z1900-src\cpp\7zip\bundles\format7zf\debug\vc140.idb
d:\wangteng\code\7z1900-src\cpp\7zip\bundles\format7zf\debug\stdafx.obj
d:\wangteng\code\7z1900-src\cpp\7zip\bundles\format7zf\debug\lzmadec.obj
d:\wangteng\code\7z1900-src\cpp\7zip\bundles\format7zf\debug\lzmaenc.obj
d:\wangteng\code\7z1900-src\cpp\7zip\bundles\format7zf\debug\mtcoder.obj
d:\wangteng\code\7z1900-src\cpp\7zip\bundles\format7zf\debug\mtdec.obj
d:\wangteng\code\7z1900-src\cpp\7zip\bundles\format7zf\debug\ppmd7.obj
d:\wangteng\code\7z1900-src\cpp\7zip\bundles\format7zf\debug\ppmd7dec.obj
d:\wangteng\code\7z1900-src\cpp\7zip\bundles\format7zf\debug\ppmd7enc.obj
d:\wangteng\code\7z1900-src\cpp\7zip\bundles\format7zf\debug\ppmd8.obj
d:\wangteng\code\7z1900-src\cpp\7zip\bundles\format7zf\debug\ppmd8dec.obj
d:\wangteng\code\7z1900-src\cpp\7zip\bundles\format7zf\debug\ppmd8enc.obj
d:\wangteng\code\7z1900-src\cpp\7zip\bundles\format7zf\debug\sha1.obj
d:\wangteng\code\7z1900-src\cpp\7zip\bundles\format7zf\debug\sha256.obj
d:\wangteng\code\7z1900-src\cpp\7zip\bundles\format7zf\debug\sort.obj
d:\wangteng\code\7z1900-src\cpp\7zip\bundles\format7zf\debug\threads.obj
d:\wangteng\code\7z1900-src\cpp\7zip\bundles\format7zf\debug\xz.obj
d:\wangteng\code\7z1900-src\cpp\7zip\bundles\format7zf\debug\xzcrc64.obj
d:\wangteng\code\7z1900-src\cpp\7zip\bundles\format7zf\debug\xzcrc64opt.obj
d:\wangteng\code\7z1900-src\cpp\7zip\bundles\format7zf\debug\xzdec.obj
d:\wangteng\code\7z1900-src\cpp\7zip\bundles\format7zf\debug\xzenc.obj
d:\wangteng\code\7z1900-src\cpp\7zip\bundles\format7zf\debug\xzin.obj
d:\wangteng\code\7z1900-src\cpp\7zip\bundles\format7zf\debug\7zbuf2.obj
d:\wangteng\code\7z1900-src\cpp\7zip\bundles\format7zf\debug\7zcrc.obj
d:\wangteng\code\7z1900-src\cpp\7zip\bundles\format7zf\debug\7zstream.obj
d:\wangteng\code\7z1900-src\cpp\7zip\bundles\format7zf\debug\aes.obj
d:\wangteng\code\7z1900-src\cpp\7zip\bundles\format7zf\debug\alloc.obj
d:\wangteng\code\7z1900-src\cpp\7zip\bundles\format7zf\debug\bcj2.obj
d:\wangteng\code\7z1900-src\cpp\7zip\bundles\format7zf\debug\bcj2enc.obj
d:\wangteng\code\7z1900-src\cpp\7zip\bundles\format7zf\debug\blake2s.obj
d:\wangteng\code\7z1900-src\cpp\7zip\bundles\format7zf\debug\bra.obj
d:\wangteng\code\7z1900-src\cpp\7zip\bundles\format7zf\debug\bra86.obj
d:\wangteng\code\7z1900-src\cpp\7zip\bundles\format7zf\debug\braia64.obj
d:\wangteng\code\7z1900-src\cpp\7zip\bundles\format7zf\debug\bwtsort.obj
d:\wangteng\code\7z1900-src\cpp\7zip\bundles\format7zf\debug\cpuarch.obj
d:\wangteng\code\7z1900-src\cpp\7zip\bundles\format7zf\debug\delta.obj
d:\wangteng\code\7z1900-src\cpp\7zip\bundles\format7zf\debug\huffenc.obj
d:\wangteng\code\7z1900-src\cpp\7zip\bundles\format7zf\debug\lzfind.obj
d:\wangteng\code\7z1900-src\cpp\7zip\bundles\format7zf\debug\lzfindmt.obj
d:\wangteng\code\7z1900-src\cpp\7zip\bundles\format7zf\debug\lzma2dec.obj
d:\wangteng\code\7z1900-src\cpp\7zip\bundles\format7zf\debug\lzma2decmt.obj
d:\wangteng\code\7z1900-src\cpp\7zip\bundles\format7zf\debug\lzma2enc.obj
d:\wangteng\code\7z1900-src\cpp\7zip\bundles\format7zf\debug\xpressdecoder.obj
d:\wangteng\code\7z1900-src\cpp\7zip\bundles\format7zf\debug\xzdecoder.obj
d:\wangteng\code\7z1900-src\cpp\7zip\bundles\format7zf\debug\xzencoder.obj
d:\wangteng\code\7z1900-src\cpp\7zip\bundles\format7zf\debug\zdecoder.obj
d:\wangteng\code\7z1900-src\cpp\7zip\bundles\format7zf\debug\zlibdecoder.obj
d:\wangteng\code\7z1900-src\cpp\7zip\bundles\format7zf\debug\zlibencoder.obj
d:\wangteng\code\7z1900-src\cpp\7zip\bundles\format7zf\debug\7zaesregister.obj
d:\wangteng\code\7z1900-src\cpp\7zip\bundles\format7zf\debug\hmacsha1.obj
d:\wangteng\code\7z1900-src\cpp\7zip\bundles\format7zf\debug\hmacsha256.obj
d:\wangteng\code\7z1900-src\cpp\7zip\bundles\format7zf\debug\myaes.obj
d:\wangteng\code\7z1900-src\cpp\7zip\bundles\format7zf\debug\myaesreg.obj
d:\wangteng\code\7z1900-src\cpp\7zip\bundles\format7zf\debug\pbkdf2hmacsha1.obj
d:\wangteng\code\7z1900-src\cpp\7zip\bundles\format7zf\debug\randgen.obj
d:\wangteng\code\7z1900-src\cpp\7zip\bundles\format7zf\debug\rar20crypto.obj
d:\wangteng\code\7z1900-src\cpp\7zip\bundles\format7zf\debug\rar5aes.obj
d:\wangteng\code\7z1900-src\cpp\7zip\bundles\format7zf\debug\raraes.obj
d:\wangteng\code\7z1900-src\cpp\7zip\bundles\format7zf\debug\wzaes.obj
d:\wangteng\code\7z1900-src\cpp\7zip\bundles\format7zf\debug\zipcrypto.obj
d:\wangteng\code\7z1900-src\cpp\7zip\bundles\format7zf\debug\zipstrong.obj
d:\wangteng\code\7z1900-src\cpp\7zip\bundles\format7zf\debug\lzma2encoder.obj
d:\wangteng\code\7z1900-src\cpp\7zip\bundles\format7zf\debug\lzma2register.obj
d:\wangteng\code\7z1900-src\cpp\7zip\bundles\format7zf\debug\lzmadecoder.obj
d:\wangteng\code\7z1900-src\cpp\7zip\bundles\format7zf\debug\lzmaencoder.obj
d:\wangteng\code\7z1900-src\cpp\7zip\bundles\format7zf\debug\lzmaregister.obj
d:\wangteng\code\7z1900-src\cpp\7zip\bundles\format7zf\debug\lzmsdecoder.obj
d:\wangteng\code\7z1900-src\cpp\7zip\bundles\format7zf\debug\lzoutwindow.obj
d:\wangteng\code\7z1900-src\cpp\7zip\bundles\format7zf\debug\lzxdecoder.obj
d:\wangteng\code\7z1900-src\cpp\7zip\bundles\format7zf\debug\ppmddecoder.obj
d:\wangteng\code\7z1900-src\cpp\7zip\bundles\format7zf\debug\ppmdencoder.obj
d:\wangteng\code\7z1900-src\cpp\7zip\bundles\format7zf\debug\ppmdregister.obj
d:\wangteng\code\7z1900-src\cpp\7zip\bundles\format7zf\debug\ppmdzip.obj
d:\wangteng\code\7z1900-src\cpp\7zip\bundles\format7zf\debug\quantumdecoder.obj
d:\wangteng\code\7z1900-src\cpp\7zip\bundles\format7zf\debug\rar1decoder.obj
d:\wangteng\code\7z1900-src\cpp\7zip\bundles\format7zf\debug\rar2decoder.obj
d:\wangteng\code\7z1900-src\cpp\7zip\bundles\format7zf\debug\rar3vm.obj
d:\wangteng\code\7z1900-src\cpp\7zip\bundles\format7zf\debug\rarcodecsregister.obj
d:\wangteng\code\7z1900-src\cpp\7zip\bundles\format7zf\debug\shrinkdecoder.obj
d:\wangteng\code\7z1900-src\cpp\7zip\bundles\format7zf\debug\bitldecoder.obj
d:\wangteng\code\7z1900-src\cpp\7zip\bundles\format7zf\debug\branchmisc.obj
d:\wangteng\code\7z1900-src\cpp\7zip\bundles\format7zf\debug\branchregister.obj
d:\wangteng\code\7z1900-src\cpp\7zip\bundles\format7zf\debug\byteswap.obj
d:\wangteng\code\7z1900-src\cpp\7zip\bundles\format7zf\debug\bzip2crc.obj
d:\wangteng\code\7z1900-src\cpp\7zip\bundles\format7zf\debug\bzip2decoder.obj
d:\wangteng\code\7z1900-src\cpp\7zip\bundles\format7zf\debug\bzip2encoder.obj
d:\wangteng\code\7z1900-src\cpp\7zip\bundles\format7zf\debug\bzip2register.obj
d:\wangteng\code\7z1900-src\cpp\7zip\bundles\format7zf\debug\codecexports.obj
d:\wangteng\code\7z1900-src\cpp\7zip\bundles\format7zf\debug\copycoder.obj
d:\wangteng\code\7z1900-src\cpp\7zip\bundles\format7zf\debug\copyregister.obj
d:\wangteng\code\7z1900-src\cpp\7zip\bundles\format7zf\debug\deflate64register.obj
d:\wangteng\code\7z1900-src\cpp\7zip\bundles\format7zf\debug\deflatedecoder.obj
d:\wangteng\code\7z1900-src\cpp\7zip\bundles\format7zf\debug\deflateencoder.obj
d:\wangteng\code\7z1900-src\cpp\7zip\bundles\format7zf\debug\deflateregister.obj
d:\wangteng\code\7z1900-src\cpp\7zip\bundles\format7zf\debug\deltafilter.obj
d:\wangteng\code\7z1900-src\cpp\7zip\bundles\format7zf\debug\implodedecoder.obj
d:\wangteng\code\7z1900-src\cpp\7zip\bundles\format7zf\debug\lzfsedecoder.obj
d:\wangteng\code\7z1900-src\cpp\7zip\bundles\format7zf\debug\lzhdecoder.obj
d:\wangteng\code\7z1900-src\cpp\7zip\bundles\format7zf\debug\lzma2decoder.obj
d:\wangteng\code\7z1900-src\cpp\7zip\bundles\format7zf\debug\inouttempbuffer.obj
d:\wangteng\code\7z1900-src\cpp\7zip\bundles\format7zf\debug\methodid.obj
d:\wangteng\code\7z1900-src\cpp\7zip\bundles\format7zf\debug\offsetstream.obj
d:\wangteng\code\7z1900-src\cpp\7zip\bundles\format7zf\debug\outbuffer.obj
d:\wangteng\code\7z1900-src\cpp\7zip\bundles\format7zf\debug\progressutils.obj
d:\wangteng\code\7z1900-src\cpp\7zip\bundles\format7zf\debug\propid.obj
d:\wangteng\code\7z1900-src\cpp\7zip\bundles\format7zf\debug\streambinder.obj
d:\wangteng\code\7z1900-src\cpp\7zip\bundles\format7zf\debug\streamobjects.obj
d:\wangteng\code\7z1900-src\cpp\7zip\bundles\format7zf\debug\streamutils.obj
d:\wangteng\code\7z1900-src\cpp\7zip\bundles\format7zf\debug\virtthread.obj
d:\wangteng\code\7z1900-src\cpp\7zip\bundles\format7zf\debug\bcj2coder.obj
d:\wangteng\code\7z1900-src\cpp\7zip\bundles\format7zf\debug\bcj2register.obj
d:\wangteng\code\7z1900-src\cpp\7zip\bundles\format7zf\debug\bcjcoder.obj
d:\wangteng\code\7z1900-src\cpp\7zip\bundles\format7zf\debug\bcjregister.obj
d:\wangteng\code\7z1900-src\cpp\7zip\bundles\format7zf\debug\wimregister.obj
d:\wangteng\code\7z1900-src\cpp\7zip\bundles\format7zf\debug\zhandler.obj
d:\wangteng\code\7z1900-src\cpp\7zip\bundles\format7zf\debug\zipitem.obj
d:\wangteng\code\7z1900-src\cpp\7zip\bundles\format7zf\debug\zipout.obj
d:\wangteng\code\7z1900-src\cpp\7zip\bundles\format7zf\debug\cwrappers.obj
d:\wangteng\code\7z1900-src\cpp\7zip\bundles\format7zf\debug\filtercoder.obj
d:\wangteng\code\7z1900-src\cpp\7zip\bundles\format7zf\debug\inbuffer.obj
d:\wangteng\code\7z1900-src\cpp\7zip\bundles\format7zf\debug\ppmdhandler.obj
d:\wangteng\code\7z1900-src\cpp\7zip\bundles\format7zf\debug\rpmhandler.obj
d:\wangteng\code\7z1900-src\cpp\7zip\bundles\format7zf\debug\tarheader.obj
d:\wangteng\code\7z1900-src\cpp\7zip\bundles\format7zf\debug\tarout.obj
d:\wangteng\code\7z1900-src\cpp\7zip\bundles\format7zf\debug\tarregister.obj
d:\wangteng\code\7z1900-src\cpp\7zip\bundles\format7zf\debug\tarupdate.obj
d:\wangteng\code\7z1900-src\cpp\7zip\bundles\format7zf\debug\vdihandler.obj
d:\wangteng\code\7z1900-src\cpp\7zip\bundles\format7zf\debug\vhdhandler.obj
d:\wangteng\code\7z1900-src\cpp\7zip\bundles\format7zf\debug\handlercont.obj
d:\wangteng\code\7z1900-src\cpp\7zip\bundles\format7zf\debug\isoheader.obj
d:\wangteng\code\7z1900-src\cpp\7zip\bundles\format7zf\debug\isoregister.obj
d:\wangteng\code\7z1900-src\cpp\7zip\bundles\format7zf\debug\lzmahandler.obj
d:\wangteng\code\7z1900-src\cpp\7zip\bundles\format7zf\debug\mslzhandler.obj
d:\wangteng\code\7z1900-src\cpp\7zip\bundles\format7zf\debug\mubhandler.obj
d:\wangteng\code\7z1900-src\cpp\7zip\bundles\format7zf\debug\nsisdecode.obj
d:\wangteng\code\7z1900-src\cpp\7zip\bundles\format7zf\debug\nsishandler.obj
d:\wangteng\code\7z1900-src\cpp\7zip\bundles\format7zf\debug\nsisregister.obj
d:\wangteng\code\7z1900-src\cpp\7zip\bundles\format7zf\debug\dummyoutstream.obj
d:\wangteng\code\7z1900-src\cpp\7zip\bundles\format7zf\debug\findsignature.obj
d:\wangteng\code\7z1900-src\cpp\7zip\bundles\format7zf\debug\instreamwithcrc.obj
d:\wangteng\code\7z1900-src\cpp\7zip\bundles\format7zf\debug\itemnameutils.obj
d:\wangteng\code\7z1900-src\cpp\7zip\bundles\format7zf\debug\multistream.obj
d:\wangteng\code\7z1900-src\cpp\7zip\bundles\format7zf\debug\outstreamwithcrc.obj
d:\wangteng\code\7z1900-src\cpp\7zip\bundles\format7zf\debug\outstreamwithsha1.obj
d:\wangteng\code\7z1900-src\cpp\7zip\bundles\format7zf\debug\parseproperties.obj
d:\wangteng\code\7z1900-src\cpp\7zip\bundles\format7zf\debug\deflateprops.obj
d:\wangteng\code\7z1900-src\cpp\7zip\bundles\format7zf\debug\dllexports2.obj
d:\wangteng\code\7z1900-src\cpp\7zip\bundles\format7zf\debug\elfhandler.obj
d:\wangteng\code\7z1900-src\cpp\7zip\bundles\format7zf\debug\7zheader.obj
d:\wangteng\code\7z1900-src\cpp\7zip\bundles\format7zf\debug\7zspecstream.obj
d:\wangteng\code\7z1900-src\cpp\7zip\bundles\format7zf\debug\archiveexports.obj
d:\wangteng\code\7z1900-src\cpp\7zip\bundles\format7zf\debug\cabblockinstream.obj
d:\wangteng\code\7z1900-src\cpp\7zip\bundles\format7zf\debug\cabheader.obj
d:\wangteng\code\7z1900-src\cpp\7zip\bundles\format7zf\debug\cabregister.obj
d:\wangteng\code\7z1900-src\cpp\7zip\bundles\format7zf\debug\utfconvert.obj
d:\wangteng\code\7z1900-src\cpp\7zip\bundles\format7zf\debug\xzcrc64init.obj
d:\wangteng\code\7z1900-src\cpp\7zip\bundles\format7zf\debug\xzcrc64reg.obj
d:\wangteng\code\7z1900-src\cpp\7zip\bundles\format7zf\debug\filedir.obj
d:\wangteng\code\7z1900-src\cpp\7zip\bundles\format7zf\debug\fileio.obj
d:\wangteng\code\7z1900-src\cpp\7zip\bundles\format7zf\debug\filename.obj
d:\wangteng\code\7z1900-src\cpp\7zip\bundles\format7zf\debug\propvariant.obj
d:\wangteng\code\7z1900-src\cpp\7zip\bundles\format7zf\debug\propvariantutils.obj
d:\wangteng\code\7z1900-src\cpp\7zip\bundles\format7zf\debug\synchronization.obj
d:\wangteng\code\7z1900-src\cpp\7zip\bundles\format7zf\debug\system.obj
d:\wangteng\code\7z1900-src\cpp\7zip\bundles\format7zf\debug\timeutils.obj
d:\wangteng\code\7z1900-src\cpp\7zip\bundles\format7zf\debug\7zcompressionmode.obj
d:\wangteng\code\7z1900-src\cpp\7zip\bundles\format7zf\debug\crc.obj
d:\wangteng\code\7z1900-src\cpp\7zip\bundles\format7zf\debug\crcreg.obj
d:\wangteng\code\7z1900-src\cpp\7zip\bundles\format7zf\debug\dynlimbuf.obj
d:\wangteng\code\7z1900-src\cpp\7zip\bundles\format7zf\debug\inttostring.obj
d:\wangteng\code\7z1900-src\cpp\7zip\bundles\format7zf\debug\mystring.obj
d:\wangteng\code\7z1900-src\cpp\7zip\bundles\format7zf\debug\myvector.obj
d:\wangteng\code\7z1900-src\cpp\7zip\bundles\format7zf\debug\mywindows.obj
d:\wangteng\code\7z1900-src\cpp\7zip\bundles\format7zf\debug\newhandler.obj
d:\wangteng\code\7z1900-src\cpp\7zip\bundles\format7zf\debug\sha1reg.obj
d:\wangteng\code\7z1900-src\cpp\7zip\bundles\format7zf\debug\sha256reg.obj
d:\wangteng\code\7z1900-src\cpp\7zip\bundles\format7zf\debug\stringconvert.obj
d:\wangteng\code\7z1900-src\cpp\7zip\bundles\format7zf\debug\stringtoint.obj
d:\wangteng\code\7z1900-src\cpp\7zip\bundles\format7zf\debug\7zaes.obj
d:\wangteng\code\7z1900-src\cpp\7zip\bundles\format7zf\debug\rar3decoder.obj
d:\wangteng\code\7z1900-src\cpp\7zip\bundles\format7zf\debug\rar5decoder.obj
d:\wangteng\code\7z1900-src\cpp\7zip\bundles\format7zf\debug\limitedstreams.obj
d:\wangteng\code\7z1900-src\cpp\7zip\bundles\format7zf\debug\memblocks.obj
d:\wangteng\code\7z1900-src\cpp\7zip\bundles\format7zf\debug\methodprops.obj
d:\wangteng\code\7z1900-src\cpp\7zip\bundles\format7zf\debug\outmemstream.obj
d:\wangteng\code\7z1900-src\cpp\7zip\bundles\format7zf\debug\progressmt.obj
d:\wangteng\code\7z1900-src\cpp\7zip\bundles\format7zf\debug\uniqblocks.obj
d:\wangteng\code\7z1900-src\cpp\7zip\bundles\format7zf\debug\vmdkhandler.obj
d:\wangteng\code\7z1900-src\cpp\7zip\bundles\format7zf\debug\wimhandler.obj
d:\wangteng\code\7z1900-src\cpp\7zip\bundles\format7zf\debug\wimhandlerout.obj
d:\wangteng\code\7z1900-src\cpp\7zip\bundles\format7zf\debug\wimin.obj
d:\wangteng\code\7z1900-src\cpp\7zip\bundles\format7zf\debug\xarhandler.obj
d:\wangteng\code\7z1900-src\cpp\7zip\bundles\format7zf\debug\xzhandler.obj
d:\wangteng\code\7z1900-src\cpp\7zip\bundles\format7zf\debug\zipaddcommon.obj
d:\wangteng\code\7z1900-src\cpp\7zip\bundles\format7zf\debug\ziphandler.obj
d:\wangteng\code\7z1900-src\cpp\7zip\bundles\format7zf\debug\ziphandlerout.obj
d:\wangteng\code\7z1900-src\cpp\7zip\bundles\format7zf\debug\zipin.obj
d:\wangteng\code\7z1900-src\cpp\7zip\bundles\format7zf\debug\zipregister.obj
d:\wangteng\code\7z1900-src\cpp\7zip\bundles\format7zf\debug\zipupdate.obj
d:\wangteng\code\7z1900-src\cpp\7zip\bundles\format7zf\debug\createcoder.obj
d:\wangteng\code\7z1900-src\cpp\7zip\bundles\format7zf\debug\qcowhandler.obj
d:\wangteng\code\7z1900-src\cpp\7zip\bundles\format7zf\debug\rar5handler.obj
d:\wangteng\code\7z1900-src\cpp\7zip\bundles\format7zf\debug\rarhandler.obj
d:\wangteng\code\7z1900-src\cpp\7zip\bundles\format7zf\debug\splithandler.obj
d:\wangteng\code\7z1900-src\cpp\7zip\bundles\format7zf\debug\squashfshandler.obj
d:\wangteng\code\7z1900-src\cpp\7zip\bundles\format7zf\debug\swfhandler.obj
d:\wangteng\code\7z1900-src\cpp\7zip\bundles\format7zf\debug\tarhandler.obj
d:\wangteng\code\7z1900-src\cpp\7zip\bundles\format7zf\debug\tarhandlerout.obj
d:\wangteng\code\7z1900-src\cpp\7zip\bundles\format7zf\debug\tarin.obj
d:\wangteng\code\7z1900-src\cpp\7zip\bundles\format7zf\debug\udfhandler.obj
d:\wangteng\code\7z1900-src\cpp\7zip\bundles\format7zf\debug\udfin.obj
d:\wangteng\code\7z1900-src\cpp\7zip\bundles\format7zf\debug\uefihandler.obj
d:\wangteng\code\7z1900-src\cpp\7zip\bundles\format7zf\debug\gzhandler.obj
d:\wangteng\code\7z1900-src\cpp\7zip\bundles\format7zf\debug\hfshandler.obj
d:\wangteng\code\7z1900-src\cpp\7zip\bundles\format7zf\debug\ihexhandler.obj
d:\wangteng\code\7z1900-src\cpp\7zip\bundles\format7zf\debug\isohandler.obj
d:\wangteng\code\7z1900-src\cpp\7zip\bundles\format7zf\debug\isoin.obj
d:\wangteng\code\7z1900-src\cpp\7zip\bundles\format7zf\debug\lzhhandler.obj
d:\wangteng\code\7z1900-src\cpp\7zip\bundles\format7zf\debug\machohandler.obj
d:\wangteng\code\7z1900-src\cpp\7zip\bundles\format7zf\debug\mbrhandler.obj
d:\wangteng\code\7z1900-src\cpp\7zip\bundles\format7zf\debug\nsisin.obj
d:\wangteng\code\7z1900-src\cpp\7zip\bundles\format7zf\debug\ntfshandler.obj
d:\wangteng\code\7z1900-src\cpp\7zip\bundles\format7zf\debug\pehandler.obj
d:\wangteng\code\7z1900-src\cpp\7zip\bundles\format7zf\debug\codermixer2.obj
d:\wangteng\code\7z1900-src\cpp\7zip\bundles\format7zf\debug\handlerout.obj
d:\wangteng\code\7z1900-src\cpp\7zip\bundles\format7zf\debug\cpiohandler.obj
d:\wangteng\code\7z1900-src\cpp\7zip\bundles\format7zf\debug\cramfshandler.obj
d:\wangteng\code\7z1900-src\cpp\7zip\bundles\format7zf\debug\dmghandler.obj
d:\wangteng\code\7z1900-src\cpp\7zip\bundles\format7zf\debug\exthandler.obj
d:\wangteng\code\7z1900-src\cpp\7zip\bundles\format7zf\debug\fathandler.obj
d:\wangteng\code\7z1900-src\cpp\7zip\bundles\format7zf\debug\flvhandler.obj
d:\wangteng\code\7z1900-src\cpp\7zip\bundles\format7zf\debug\gpthandler.obj
d:\wangteng\code\7z1900-src\cpp\7zip\bundles\format7zf\debug\7zin.obj
d:\wangteng\code\7z1900-src\cpp\7zip\bundles\format7zf\debug\7zout.obj
d:\wangteng\code\7z1900-src\cpp\7zip\bundles\format7zf\debug\7zproperties.obj
d:\wangteng\code\7z1900-src\cpp\7zip\bundles\format7zf\debug\7zregister.obj
d:\wangteng\code\7z1900-src\cpp\7zip\bundles\format7zf\debug\7zupdate.obj
d:\wangteng\code\7z1900-src\cpp\7zip\bundles\format7zf\debug\apmhandler.obj
d:\wangteng\code\7z1900-src\cpp\7zip\bundles\format7zf\debug\arhandler.obj
d:\wangteng\code\7z1900-src\cpp\7zip\bundles\format7zf\debug\arjhandler.obj
d:\wangteng\code\7z1900-src\cpp\7zip\bundles\format7zf\debug\bz2handler.obj
d:\wangteng\code\7z1900-src\cpp\7zip\bundles\format7zf\debug\cabhandler.obj
d:\wangteng\code\7z1900-src\cpp\7zip\bundles\format7zf\debug\cabin.obj
d:\wangteng\code\7z1900-src\cpp\7zip\bundles\format7zf\debug\chmhandler.obj
d:\wangteng\code\7z1900-src\cpp\7zip\bundles\format7zf\debug\chmin.obj
d:\wangteng\code\7z1900-src\cpp\7zip\bundles\format7zf\debug\comhandler.obj
d:\wangteng\code\7z1900-src\cpp\7zip\bundles\format7zf\debug\wildcard.obj
d:\wangteng\code\7z1900-src\cpp\7zip\bundles\format7zf\debug\filefind.obj
d:\wangteng\code\7z1900-src\cpp\7zip\bundles\format7zf\debug\7zdecode.obj
d:\wangteng\code\7z1900-src\cpp\7zip\bundles\format7zf\debug\7zencode.obj
d:\wangteng\code\7z1900-src\cpp\7zip\bundles\format7zf\debug\7zextract.obj
d:\wangteng\code\7z1900-src\cpp\7zip\bundles\format7zf\debug\7zfolderinstream.obj
d:\wangteng\code\7z1900-src\cpp\7zip\bundles\format7zf\debug\7zhandler.obj
d:\wangteng\code\7z1900-src\cpp\7zip\bundles\format7zf\debug\7zhandlerout.obj
d:\wangteng\code\7z1900-src\cpp\7zip\bundles\format7zf\debug\mymap.obj
d:\wangteng\code\7z1900-src\cpp\7zip\bundles\format7zf\debug\myxml.obj
d:\wangteng\code\7z1900-src\cpp\7zip\bundles\format7zf\debug\7zcrcopt.obj
d:\wangteng\code\7z1900-src\cpp\7zip\bundles\format7zf\debug\aesopt.obj
d:\wangteng\code\pe-parse-master2\pe-parse-master\pe-parser-library\debug\7z.ilk
d:\wangteng\code\pe-parse-master2\pe-parse-master\pe-parser-library\debug\7z.dll
d:\wangteng\code\7z1900-src\cpp\7zip\bundles\format7zf\debug\7z.pdb
d:\wangteng\code\7z1900-src\cpp\7zip\bundles\format7zf\debug\resource.res
d:\wangteng\code\7z1900-src\cpp\7zip\bundles\format7zf\debug\7z.tlog\7z.write.1u.tlog
d:\wangteng\code\7z1900-src\cpp\7zip\bundles\format7zf\debug\7z.tlog\cl.command.1.tlog
d:\wangteng\code\7z1900-src\cpp\7zip\bundles\format7zf\debug\7z.tlog\cl.read.1.tlog
d:\wangteng\code\7z1900-src\cpp\7zip\bundles\format7zf\debug\7z.tlog\cl.write.1.tlog
d:\wangteng\code\7z1900-src\cpp\7zip\bundles\format7zf\debug\7z.tlog\custombuild.command.1.tlog
d:\wangteng\code\7z1900-src\cpp\7zip\bundles\format7zf\debug\7z.tlog\custombuild.read.1.tlog
d:\wangteng\code\7z1900-src\cpp\7zip\bundles\format7zf\debug\7z.tlog\custombuild.write.1.tlog
d:\wangteng\code\7z1900-src\cpp\7zip\bundles\format7zf\debug\7z.tlog\link.command.1.tlog
d:\wangteng\code\7z1900-src\cpp\7zip\bundles\format7zf\debug\7z.tlog\link.read.1.tlog
d:\wangteng\code\7z1900-src\cpp\7zip\bundles\format7zf\debug\7z.tlog\link.write.1.tlog
d:\wangteng\code\7z1900-src\cpp\7zip\bundles\format7zf\debug\7z.tlog\rc.command.1.tlog
d:\wangteng\code\7z1900-src\cpp\7zip\bundles\format7zf\debug\7z.tlog\rc.read.1.tlog
d:\wangteng\code\7z1900-src\cpp\7zip\bundles\format7zf\debug\7z.tlog\rc.write.1.tlog
