d:\wangteng\code\7z1900-src\cpp\7zip\archive\7z\debug\7z.lib
d:\wangteng\code\7z1900-src\cpp\7zip\archive\7z\debug\7z.exp
d:\wangteng\code\7z1900-src\cpp\7zip\archive\7z\debug\7z.pch
d:\wangteng\code\7z1900-src\cpp\7zip\archive\7z\debug\vc140.pdb
d:\wangteng\code\7z1900-src\cpp\7zip\archive\7z\debug\vc140.idb
d:\wangteng\code\7z1900-src\cpp\7zip\archive\7z\debug\stdafx.obj
d:\wangteng\code\7z1900-src\cpp\7zip\archive\7z\debug\itemnameutils.obj
d:\wangteng\code\7z1900-src\cpp\7zip\archive\7z\debug\multistream.obj
d:\wangteng\code\7z1900-src\cpp\7zip\archive\7z\debug\outstreamwithcrc.obj
d:\wangteng\code\7z1900-src\cpp\7zip\archive\7z\debug\parseproperties.obj
d:\wangteng\code\7z1900-src\cpp\7zip\archive\7z\debug\dllexports.obj
d:\wangteng\code\7z1900-src\cpp\7zip\archive\7z\debug\7zcompressionmode.obj
d:\wangteng\code\7z1900-src\cpp\7zip\archive\7z\debug\7zdecode.obj
d:\wangteng\code\7z1900-src\cpp\7zip\archive\7z\debug\7zencode.obj
d:\wangteng\code\7z1900-src\cpp\7zip\archive\7z\debug\7zextract.obj
d:\wangteng\code\7z1900-src\cpp\7zip\archive\7z\debug\7zfolderinstream.obj
d:\wangteng\code\7z1900-src\cpp\7zip\archive\7z\debug\7zhandler.obj
d:\wangteng\code\7z1900-src\cpp\7zip\archive\7z\debug\7zhandlerout.obj
d:\wangteng\code\7z1900-src\cpp\7zip\archive\7z\debug\7zheader.obj
d:\wangteng\code\7z1900-src\cpp\7zip\archive\7z\debug\7zin.obj
d:\wangteng\code\7z1900-src\cpp\7zip\archive\7z\debug\7zout.obj
d:\wangteng\code\7z1900-src\cpp\7zip\archive\7z\debug\7zproperties.obj
d:\wangteng\code\7z1900-src\cpp\7zip\archive\7z\debug\7zregister.obj
d:\wangteng\code\7z1900-src\cpp\7zip\archive\7z\debug\7zspecstream.obj
d:\wangteng\code\7z1900-src\cpp\7zip\archive\7z\debug\7zupdate.obj
d:\wangteng\code\7z1900-src\cpp\7zip\archive\7z\debug\main.obj
d:\wangteng\code\7z1900-src\cpp\7zip\archive\7z\debug\system.obj
d:\wangteng\code\7z1900-src\cpp\7zip\archive\7z\debug\createcoder.obj
d:\wangteng\code\7z1900-src\cpp\7zip\archive\7z\debug\filtercoder.obj
d:\wangteng\code\7z1900-src\cpp\7zip\archive\7z\debug\inouttempbuffer.obj
d:\wangteng\code\7z1900-src\cpp\7zip\archive\7z\debug\limitedstreams.obj
d:\wangteng\code\7z1900-src\cpp\7zip\archive\7z\debug\lockedstream.obj
d:\wangteng\code\7z1900-src\cpp\7zip\archive\7z\debug\methodid.obj
d:\wangteng\code\7z1900-src\cpp\7zip\archive\7z\debug\methodprops.obj
d:\wangteng\code\7z1900-src\cpp\7zip\archive\7z\debug\outbuffer.obj
d:\wangteng\code\7z1900-src\cpp\7zip\archive\7z\debug\progressutils.obj
d:\wangteng\code\7z1900-src\cpp\7zip\archive\7z\debug\propid.obj
d:\wangteng\code\7z1900-src\cpp\7zip\archive\7z\debug\streambinder.obj
d:\wangteng\code\7z1900-src\cpp\7zip\archive\7z\debug\streamobjects.obj
d:\wangteng\code\7z1900-src\cpp\7zip\archive\7z\debug\streamutils.obj
d:\wangteng\code\7z1900-src\cpp\7zip\archive\7z\debug\virtthread.obj
d:\wangteng\code\7z1900-src\cpp\7zip\archive\7z\debug\copycoder.obj
d:\wangteng\code\7z1900-src\cpp\7zip\archive\7z\debug\archiveexports.obj
d:\wangteng\code\7z1900-src\cpp\7zip\archive\7z\debug\codermixer2.obj
d:\wangteng\code\7z1900-src\cpp\7zip\archive\7z\debug\handlerout.obj
d:\wangteng\code\7z1900-src\cpp\7zip\archive\7z\debug\instreamwithcrc.obj
d:\wangteng\code\7z1900-src\cpp\7zip\archive\7z\debug\7ziplibrary.obj
d:\wangteng\code\7z1900-src\cpp\7zip\archive\7z\debug\7zipobjectptrarray.obj
d:\wangteng\code\7z1900-src\cpp\7zip\archive\7z\debug\7zipopenarchive.obj
d:\wangteng\code\7z1900-src\cpp\7zip\archive\7z\debug\helperfuncs.obj
d:\wangteng\code\7z1900-src\cpp\7zip\archive\7z\debug\osfunctions_win32.obj
d:\wangteng\code\7z1900-src\cpp\7zip\archive\7z\debug\crc.obj
d:\wangteng\code\7z1900-src\cpp\7zip\archive\7z\debug\inttostring.obj
d:\wangteng\code\7z1900-src\cpp\7zip\archive\7z\debug\mystring.obj
d:\wangteng\code\7z1900-src\cpp\7zip\archive\7z\debug\myvector.obj
d:\wangteng\code\7z1900-src\cpp\7zip\archive\7z\debug\newhandler.obj
d:\wangteng\code\7z1900-src\cpp\7zip\archive\7z\debug\stringconvert.obj
d:\wangteng\code\7z1900-src\cpp\7zip\archive\7z\debug\stringtoint.obj
d:\wangteng\code\7z1900-src\cpp\7zip\archive\7z\debug\wildcard.obj
d:\wangteng\code\7z1900-src\cpp\7zip\archive\7z\debug\dll.obj
d:\wangteng\code\7z1900-src\cpp\7zip\archive\7z\debug\filedir.obj
d:\wangteng\code\7z1900-src\cpp\7zip\archive\7z\debug\filefind.obj
d:\wangteng\code\7z1900-src\cpp\7zip\archive\7z\debug\fileio.obj
d:\wangteng\code\7z1900-src\cpp\7zip\archive\7z\debug\filename.obj
d:\wangteng\code\7z1900-src\cpp\7zip\archive\7z\debug\propvariant.obj
d:\wangteng\code\7z1900-src\cpp\7zip\archive\7z\debug\synchronization.obj
d:\wangteng\code\7z1900-src\cpp\7zip\archive\7z\debug\7ziparchive.obj
d:\wangteng\code\7z1900-src\cpp\7zip\archive\7z\debug\7ziparchiveitem.obj
d:\wangteng\code\7z1900-src\cpp\7zip\archive\7z\debug\7ziparchiveopencallback.obj
d:\wangteng\code\7z1900-src\cpp\7zip\archive\7z\debug\7zipcodecinfo.obj
d:\wangteng\code\7z1900-src\cpp\7zip\archive\7z\debug\7zipcompresscodecsinfo.obj
d:\wangteng\code\7z1900-src\cpp\7zip\archive\7z\debug\7zipdllhandler.obj
d:\wangteng\code\7z1900-src\cpp\7zip\archive\7z\debug\7zipformatinfo.obj
d:\wangteng\code\7z1900-src\cpp\7zip\archive\7z\debug\7zipinstreamwrapper.obj
d:\wangteng\code\7z1900-src\cpp\7zip\archive\7z\debug\7zcrc.obj
d:\wangteng\code\7z1900-src\cpp\7zip\archive\7z\debug\7zcrcopt.obj
d:\wangteng\code\7z1900-src\cpp\7zip\archive\7z\debug\alloc.obj
d:\wangteng\code\7z1900-src\cpp\7zip\archive\7z\debug\cpuarch.obj
d:\wangteng\code\7z1900-src\cpp\7zip\archive\7z\debug\threads.obj
c:\program files\7-zip\formats\7z.ilk
c:\program files\7-zip\formats\7z.dll
d:\wangteng\code\7z1900-src\cpp\7zip\archive\7z\debug\7z.pdb
d:\wangteng\code\7z1900-src\cpp\7zip\archive\7z\debug\resource.res
d:\wangteng\code\7z1900-src\cpp\7zip\archive\7z\debug\7z.tlog\7z.write.1u.tlog
d:\wangteng\code\7z1900-src\cpp\7zip\archive\7z\debug\7z.tlog\cl.command.1.tlog
d:\wangteng\code\7z1900-src\cpp\7zip\archive\7z\debug\7z.tlog\cl.read.1.tlog
d:\wangteng\code\7z1900-src\cpp\7zip\archive\7z\debug\7z.tlog\cl.write.1.tlog
d:\wangteng\code\7z1900-src\cpp\7zip\archive\7z\debug\7z.tlog\link.command.1.tlog
d:\wangteng\code\7z1900-src\cpp\7zip\archive\7z\debug\7z.tlog\link.read.1.tlog
d:\wangteng\code\7z1900-src\cpp\7zip\archive\7z\debug\7z.tlog\link.write.1.tlog
d:\wangteng\code\7z1900-src\cpp\7zip\archive\7z\debug\7z.tlog\rc.command.1.tlog
d:\wangteng\code\7z1900-src\cpp\7zip\archive\7z\debug\7z.tlog\rc.read.1.tlog
d:\wangteng\code\7z1900-src\cpp\7zip\archive\7z\debug\7z.tlog\rc.write.1.tlog
