  StdAfx.cpp
  Threads.c
  Sha256.c
  Ppmd7Dec.c
  Ppmd7.c
  MtDec.c
  LzmaDec.c
  Lzma2DecMt.c
  Lzma2Dec.c
  DllSecur.c
  Delta.c
  CpuArch.c
  BraIA64.c
  Bra86.c
  Bra.c
  Bcj2.c
  Alloc.c
  AesOpt.c
  Aes.c
  7zCrcOpt.c
  7zCrc.c
  正在生成代码...
  SfxCon.cpp
  UserInputUtils.cpp
  PercentPrinter.cpp
  OpenCallbackConsole.cpp
  MainAr.cpp
  List.cpp
  ExtractCallbackConsole.cpp
  ConsoleClose.cpp
  PropIDUtils.cpp
  OpenArchive.cpp
  LoadCodecs.cpp
  ExtractingFilePath.cpp
  Extract.cpp
  DefaultName.cpp
  ArchiveOpenCallback.cpp
  ArchiveExtractCallback.cpp
  MyAes.cpp
  7zAesRegister.cpp
  7zAes.cpp
  PpmdRegister.cpp
  正在生成代码...
  正在编译...
  PpmdDecoder.cpp
  LzmaRegister.cpp
  LzmaDecoder.cpp
  Lzma2Register.cpp
  Lzma2Decoder.cpp
  DeltaFilter.cpp
  CopyRegister.cpp
  CopyCoder.cpp
  BranchRegister.cpp
  BranchMisc.cpp
  BcjRegister.cpp
  BcjCoder.cpp
  Bcj2Register.cpp
  Bcj2Coder.cpp
  VirtThread.cpp
  StreamUtils.cpp
  StreamObjects.cpp
  StreamBinder.cpp
  PropId.cpp
  ProgressUtils.cpp
  正在生成代码...
  正在编译...
  OutBuffer.cpp
  OffsetStream.cpp
  LockedStream.cpp
  LimitedStreams.cpp
  InBuffer.cpp
  FilterCoder.cpp
  FileStreams.cpp
  FilePathAutoRename.cpp
  CWrappers.cpp
  CreateCoder.cpp
  SplitHandler.cpp
  OutStreamWithCRC.cpp
  MultiStream.cpp
  ItemNameUtils.cpp
  CoderMixer2.cpp
  7zRegister.cpp
  7zIn.cpp
  7zHandler.cpp
  7zExtract.cpp
  7zDecode.cpp
  正在生成代码...
  正在编译...
  System.cpp
  Synchronization.cpp
  PropVariantConv.cpp
  PropVariant.cpp
  FileName.cpp
  FileIO.cpp
  FileFind.cpp
  FileDir.cpp
  ErrorMsg.cpp
  DLL.cpp
  Wildcard.cpp
  UTFConvert.cpp
  StringConvert.cpp
  StdOutStream.cpp
  StdInStream.cpp
  NewHandler.cpp
  MyVector.cpp
  MyString.cpp
  IntToString.cpp
  CRC.cpp
  正在生成代码...
  正在编译...
  CommandLineParser.cpp
  正在生成代码...
C:\Program Files (x86)\MSBuild\Microsoft.Cpp\v4.0\V140\Microsoft.CppBuild.targets(1189,5): warning MSB8012: TargetPath(D:\WangTeng\code\7z1900-src\CPP\7zip\Bundles\SFXCon\.\Debug\SFXCon.exe) does not match the Linker's OutputFile property value (C:\Util\7zCon.exe). This may cause your project to build incorrectly. To correct this, please make sure that $(OutDir), $(TargetName) and $(TargetExt) property values match the value specified in %(Link.OutputFile).
C:\Program Files (x86)\MSBuild\Microsoft.Cpp\v4.0\V140\Microsoft.CppBuild.targets(1191,5): warning MSB8012: TargetName(SFXCon) does not match the Linker's OutputFile property value (7zCon). This may cause your project to build incorrectly. To correct this, please make sure that $(OutDir), $(TargetName) and $(TargetExt) property values match the value specified in %(Link.OutputFile).
  SFXCon.vcxproj -> D:\WangTeng\code\7z1900-src\CPP\7zip\Bundles\SFXCon\.\Debug\SFXCon.exe
  SFXCon.vcxproj -> .\Debug\SFXCon.pdb (Full PDB)
